updating GRUB 2 menu...
Warning: os-prober will be executed to detect other bootable partitions.
Its output will be used to detect bootable binaries on them and create new boot entries.
lsblk: /dev/mapper/no*[0-9]: not a block device
lsblk: /dev/mapper/raid*[0-9]: not a block device
lsblk: /dev/mapper/disks*[0-9]: not a block device
Found Windows Boot Manager on /dev/nvme0n1p4@/EFI/Microsoft/Boot/bootmgfw.efi
stopping the following units: accounts-daemon.service, tlp.service
activating the configuration...
setting up /etc...
reloading user units for niscolas...
setting up tmpfiles
reloading the following units: dbus.service
restarting the following units: polkit.service
starting the following units: accounts-daemon.service, tlp.service
ttps://cache.nixos.org'...
copying path '/nix/store/k389mg10jqf8vd0rqlxzwzig7llgxmbq-nghttp2-1.57.0' from 'https://cache.nixos.org'...
copying path '/nix/store/sfhmd9vl28z98bvk38zhnnv9hlf081k6-libkrb5-1.20.2' from 'https://cache.nixos.org'...
copying path '/nix/store/r2agn14b0hb48a3p905g70ap1hr3mwhp-nghttp2-1.57.0-lib' from 'https://cache.nixos.org'...
copying path '/nix/store/nn6s67d3vps88a8mg41d36k55gsfkfbi-openssl-3.0.12' from 'https://cache.nixos.org'...
copying path '/nix/store/lvkh1xj9jqq88xf33hwp39ka54sicay8-nghttp2-1.57.0-dev' from 'https://cache.nixos.org'...
copying path '/nix/store/h8p2xsdgzn1dwnfd5w01xskdyiznw1c5-libkrb5-1.20.2-dev' from 'https://cache.nixos.org'...
copying path '/nix/store/yf4hxm7nnqn2v3pyzlvbvyn52ca6vlh3-libssh2-1.11.0' from 'https://cache.nixos.org'...
copying path '/nix/store/w86v44w18c9a20h0p2nfnf8qn89z7d7r-openssl-3.0.12-bin' from 'https://cache.nixos.org'...
copying path '/nix/store/avi8g7r3qc5s5inyv636i9z6mlwxajrm-curl-8.4.0' from 'https://cache.nixos.org'...
copying path '/nix/store/q6vn2fcklzif0cv1iwnlxly8k20990p3-openssl-3.0.12-dev' from 'https://cache.nixos.org'...
copying path '/nix/store/r6g5jcjw7p4wrnnw15gcipsa1q9r95ll-curl-8.4.0-bin' from 'https://cache.nixos.org'...
copying path '/nix/store/kx2zvc9szkzg4q9v654dbbkqrbgariw1-libssh2-1.11.0-dev' from 'https://cache.nixos.org'...
copying path '/nix/store/p2vp1196x78vhwsa9rzghrsqv2xsg3ly-curl-8.4.0-dev' from 'https://cache.nixos.org'...
building '/nix/store/zch7ygdpn1868aag77wbla0jazpygr0v-source.drv'...
building '/nix/store/s72cnrsk6qcpkvq2grc0byyxnl77f9jd-nvidia-patch-564c0661a942f7163cb2cfa6cb1b14b4bcff3a30.drv'...
trace: warning: xdg-desktop-portal 1.17 reworked how portal implementations are loaded, you
should either set `xdg.portal.config` or `xdg.portal.configPackages`
to specify which portal backend to use for the requested interface.

https://github.com/flatpak/xdg-desktop-portal/blob/1.18.1/doc/portals.conf.rst.in

If you simply want to keep the behaviour in < 1.17, which uses the first
portal implementation found in lexicographical order, use the following:

xdg.portal.config.common.default = "*";

copying path '/nix/store/gmdhl9qfaic5765lxw2wj6hb2ifjmhjd-source' from 'https://cache.nixos.org'...
copying path '/nix/store/wrln1zknhmdfw2vh3pr3pjschqjl6m8j-source' from 'https://cache.nixos.org'...
copying path '/nix/store/d42v5grfq77vr10r336kks0qjp0wij8d-source' from 'https://cache.nixos.org'...
trace: warning: xdg-desktop-portal 1.17 reworked how portal implementations are loaded, you
should either set `xdg.portal.config` or `xdg.portal.configPackages`
to specify which portal backend to use for the requested interface.

https://github.com/flatpak/xdg-desktop-portal/blob/1.18.1/doc/portals.conf.rst.in

If you simply want to keep the behaviour in < 1.17, which uses the first
portal implementation found in lexicographical order, use the following:

xdg.portal.config.common.default = "*";

trace: warning: xdg-desktop-portal 1.17 reworked how portal implementations are loaded, you
should either set `xdg.portal.config` or `xdg.portal.configPackages`
to specify which portal backend to use for the requested interface.

https://github.com/flatpak/xdg-desktop-portal/blob/1.18.1/doc/portals.conf.rst.in

If you simply want to keep the behaviour in < 1.17, which uses the first
portal implementation found in lexicographical order, use the following:

xdg.portal.config.common.default = "*";

trace: warning: xdg-desktop-portal 1.17 reworked how portal implementations are loaded, you
should either set `xdg.portal.config` or `xdg.portal.configPackages`
to specify which portal backend to use for the requested interface.

https://github.com/flatpak/xdg-desktop-portal/blob/1.18.1/doc/portals.conf.rst.in

If you simply want to keep the behaviour in < 1.17, which uses the first
portal implementation found in lexicographical order, use the following:

xdg.portal.config.common.default = "*";

these 13 derivations will be built:
  /nix/store/bp8vkhhbkcrkcviw5ilzyd518sldb1dw-etc-nix-registry.json.drv
  /nix/store/9qgx8lwigcyxsl4yvnv8jkkvnhhx242y-etc.drv
  /nix/store/ak7fhnay96pjfrm4abaa4c5wb8227r34-etc.drv
  /nix/store/craz1aqg17fmknw24b4f92kf2w1axpla-boot.json.drv
  /nix/store/f5ds1cz6cm093r82r5qlkd93z6lqqslp-check-sshd-config.drv
  /nix/store/f81pqjs02cfjpcniszs7nqbzz9h3pk9r-stage-2-init.sh.drv
  /nix/store/hqnx6l6r9qa312y9zr563v4f9da6514w-etc.drv
  /nix/store/jvx9lvdddki1gbj66y5wn2nw09b0yn5k-ensure-all-wrappers-paths-exist.drv
  /nix/store/ffvb44jy2nwk9fdpk8rnm1shs9pb6ipp-nixos-system-izalith-23.11.20240110.3dc440f.drv
  /nix/store/ln475lylz724jr8bvvpqnbk8z1g5dsci-nixos-system-izalith-23.11.20240110.3dc440f.drv
  /nix/store/vdsfad8czc07qsrk987qfwk4f1q9bdis-etc.drv
  /nix/store/r466wzsl6qz8b0vda995qydh7da398g8-nixos-system-izalith-23.11.20240110.3dc440f.drv
  /nix/store/v987jd8ckhkny3zir3pmf9zqmccqlag1-nixos-system-izalith-23.11.20240110.3dc440f.drv
this path will be fetched (0.00 MiB download, 0.00 MiB unpacked):
  /nix/store/ah0yfvp7bdcb5nsphajclkbnnys6n6fn-xkb-validated
copying path '/nix/store/ah0yfvp7bdcb5nsphajclkbnnys6n6fn-xkb-validated' from 'https://cache.nixos.org'...
building '/nix/store/craz1aqg17fmknw24b4f92kf2w1axpla-boot.json.drv'...
building '/nix/store/jvx9lvdddki1gbj66y5wn2nw09b0yn5k-ensure-all-wrappers-paths-exist.drv'...
building '/nix/store/f81pqjs02cfjpcniszs7nqbzz9h3pk9r-stage-2-init.sh.drv'...
building '/nix/store/bp8vkhhbkcrkcviw5ilzyd518sldb1dw-etc-nix-registry.json.drv'...
building '/nix/store/f5ds1cz6cm093r82r5qlkd93z6lqqslp-check-sshd-config.drv'...
building '/nix/store/9qgx8lwigcyxsl4yvnv8jkkvnhhx242y-etc.drv'...
building '/nix/store/ak7fhnay96pjfrm4abaa4c5wb8227r34-etc.drv'...
building '/nix/store/hqnx6l6r9qa312y9zr563v4f9da6514w-etc.drv'...
building '/nix/store/vdsfad8czc07qsrk987qfwk4f1q9bdis-etc.drv'...
building '/nix/store/ln475lylz724jr8bvvpqnbk8z1g5dsci-nixos-system-izalith-23.11.20240110.3dc440f.drv'...
building '/nix/store/ffvb44jy2nwk9fdpk8rnm1shs9pb6ipp-nixos-system-izalith-23.11.20240110.3dc440f.drv'...
building '/nix/store/r466wzsl6qz8b0vda995qydh7da398g8-nixos-system-izalith-23.11.20240110.3dc440f.drv'...
building '/nix/store/v987jd8ckhkny3zir3pmf9zqmccqlag1-nixos-system-izalith-23.11.20240110.3dc440f.drv'...
